[06/22/2020 22:47:47] INFO 2020.2.7.0
[06/22/2020 22:47:47] INFO pvfUtility :: 需要.NET 4.8 才能正常运行和使用全部功能,打开 https://go.microsoft.com/fwlink/?linkid=2088631 下载(已安装请忽略)
[06/22/2020 22:47:47] INFO HTTP服务 :: 服务已启动在 27000 端口,支持第三方访问,打开多个软件端口会变化,请注意
[06/22/2020 22:48:06] INFO 打开pvf：E:\霸王100\霸王端（完美双女鬼100级3觉）\Script.pvf
[06/22/2020 22:48:16] INFO 提示:按住Ctrl后拖曳文件管理器中的文件可拖出到外面的文件夹中.
[06/22/2020 22:48:18] SUCCESS StringTable :: stringtable.bin 成功以编码TW载入
[06/22/2020 22:48:19] SUCCESS StringLink :: 成功载入26个Str文件。
[06/22/2020 22:48:22] SUCCESS 成功载入lst代码列表
[06/22/2020 22:52:23] SUCCESS 导入 :: 成功导入了1个文件,出现错误的文件不会被导入,可以在错误列表中看到,双击即可打开编辑器修正错误,之后点击保存即可保存数据
[06/22/2020 22:52:53] SUCCESS 导入 :: 成功导入了1个文件,出现错误的文件不会被导入,可以在错误列表中看到,双击即可打开编辑器修正错误,之后点击保存即可保存数据
[06/22/2020 23:19:00] SUCCESS 查找完毕，找到37个文件。
[06/22/2020 23:33:12] SUCCESS 查找完毕，找到16个文件。
[06/22/2020 23:47:59] SUCCESS 查找完毕，找到86个文件。
[06/22/2020 23:52:31] SUCCESS 查找完毕，找到8个文件。
[06/22/2020 23:53:03] SUCCESS 查找完毕，找到2个文件。
[06/22/2020 23:55:46] SUCCESS 查找完毕，找到86个文件。
[06/22/2020 23:56:51] SUCCESS 查找完毕，找到0个文件。
[06/22/2020 23:57:02] SUCCESS 查找完毕，找到695个文件。
[06/22/2020 23:58:05] SUCCESS 查找完毕，找到695个文件。
[06/22/2020 23:58:36] SUCCESS 查找完毕，找到89个文件。
[06/23/2020 00:03:16] SUCCESS 成功保存到：E:\霸王100\霸王端（完美双女鬼100级3觉）\Script.pvf
[06/23/2020 08:40:14] INFO 2020.2.7.0
[06/23/2020 08:40:14] INFO pvfUtility :: 需要.NET 4.8 才能正常运行和使用全部功能,打开 https://go.microsoft.com/fwlink/?linkid=2088631 下载(已安装请忽略)
[06/23/2020 08:40:14] INFO HTTP服务 :: 服务已启动在 27000 端口,支持第三方访问,打开多个软件端口会变化,请注意
[06/23/2020 08:40:14] ERROR 网络连接 :: 发生错误 发送请求时出错。
[06/23/2020 08:40:14] ERROR 读取解析器配置信息失败：：未将对象引用设置到对象的实例。
[06/23/2020 08:41:27] INFO 打开pvf：E:\霸王100\霸王端（完美双女鬼100级3觉）\Script.pvf
[06/23/2020 08:41:42] INFO 提示:按住Ctrl后拖曳文件管理器中的文件可拖出到外面的文件夹中.
[06/23/2020 08:41:44] SUCCESS StringTable :: stringtable.bin 成功以编码TW载入
[06/23/2020 08:41:45] SUCCESS StringLink :: 成功载入26个Str文件。
[06/23/2020 08:41:48] SUCCESS 成功载入lst代码列表
[06/23/2020 08:42:12] SUCCESS 查找完毕，找到86个文件。
[06/23/2020 09:33:47] SUCCESS 成功保存到：E:\霸王100\霸王端（完美双女鬼100级3觉）\Script.pvf
[06/23/2020 11:04:40] INFO 2020.2.7.0
[06/23/2020 11:04:40] INFO pvfUtility :: 需要.NET 4.8 才能正常运行和使用全部功能,打开 https://go.microsoft.com/fwlink/?linkid=2088631 下载(已安装请忽略)
[06/23/2020 11:04:40] INFO HTTP服务 :: 服务已启动在 27000 端口,支持第三方访问,打开多个软件端口会变化,请注意
[06/23/2020 11:04:55] INFO 打开pvf：E:\霸王100\霸王端（完美双女鬼100级3觉）\霸王端\Script.pvf
[06/23/2020 11:05:10] INFO 打开pvf：E:\霸王100\霸王端（完美双女鬼100级3觉）\Script.pvf
[06/23/2020 11:05:21] INFO 提示:按住Ctrl后拖曳文件管理器中的文件可拖出到外面的文件夹中.
[06/23/2020 11:05:22] SUCCESS StringTable :: stringtable.bin 成功以编码TW载入
[06/23/2020 11:05:23] SUCCESS StringLink :: 成功载入26个Str文件。
[06/23/2020 11:05:26] SUCCESS 成功载入lst代码列表
[06/23/2020 11:06:00] SUCCESS 查找完毕，找到27个文件。
